<?xml version="1.0" encoding="UTF-8"?>
<!-- Generated by org.testng.reporters.JUnitReportReporter -->
<testsuite hostname="LAPTOP-95NO9S2C" failures="0" tests="1" name="kdf.Application" time="22.139" errors="0" timestamp="2021-07-25T20:47:37 IST" skipped="0">
  <testcase classname="kdf.Application" name="verifyInvalidLogin" time="22.139"/>
  <system-out/>
</testsuite> <!-- kdf.Application -->
